2023-03-27 11:03:52,336 - app - INFO - v1Encode:47 - [v1] Encoding is starting... (This might take a while)
2023-03-27 11:03:52,336 - app - INFO - v1Encode:62 - First time v1 training, creating new initial train file.
2023-03-27 11:03:55,209 - app - INFO - v1Encode:96 - [v1] Encoding Done!
2023-03-27 11:03:55,216 - app - INFO - v2Encode:100 - [v2] Encoding is starting... (This might take a while)
2023-03-27 11:03:55,217 - app - INFO - v2Encode:111 - First time v2 training, creating new initial train file.
2023-03-27 11:04:09,862 - app - INFO - v2Encode:194 - Encoding Done!
2023-03-27 11:04:09,867 - app - INFO - v2Encode:196 - [v2] Encoding Done!
2023-03-27 11:04:09,874 - app - INFO - v3Encode:200 - [v3] Encoding is starting... (This might take a while)
2023-03-27 11:04:09,875 - app - INFO - v3Encode:211 - First time v3 training, creating new initial train file.
2023-03-27 11:04:53,199 - app - INFO - grabRawDatasets:297 - Raw datasets is getting grabbed...
2023-03-27 11:08:02,912 - app - INFO - v1Encode:47 - [v1] Encoding is starting... (This might take a while)
2023-03-27 11:08:02,912 - app - INFO - v1Encode:51 - V1 ENCODING AND UPDATE SKIPPED. MODEL EXISTS.
2023-03-27 11:08:02,916 - app - INFO - v2Encode:100 - [v2] Encoding is starting... (This might take a while)
2023-03-27 11:08:02,917 - app - INFO - v2Encode:104 - V2 ENCODING AND UPDATE SKIPPED. MODEL EXISTS.
2023-03-27 11:08:02,919 - app - INFO - v3Encode:200 - [v3] Encoding is starting... (This might take a while)
2023-03-27 11:08:02,920 - app - INFO - v3Encode:211 - First time v3 training, creating new initial train file.
2023-03-27 11:10:43,986 - app - INFO - v3Encode:291 - Encoding Done!
2023-03-27 11:10:43,986 - app - INFO - v3Encode:293 - [v3] Encoding Done!
2023-03-27 11:11:20,885 - app - INFO - v1Encode:47 - [v1] Encoding is starting... (This might take a while)
2023-03-27 11:11:20,885 - app - INFO - v1Encode:51 - V1 ENCODING AND UPDATE SKIPPED. MODEL EXISTS.
2023-03-27 11:11:20,889 - app - INFO - v2Encode:100 - [v2] Encoding is starting... (This might take a while)
2023-03-27 11:11:20,890 - app - INFO - v2Encode:104 - V2 ENCODING AND UPDATE SKIPPED. MODEL EXISTS.
2023-03-27 11:11:20,891 - app - INFO - v3Encode:200 - [v3] Encoding is starting... (This might take a while)
2023-03-27 11:11:20,892 - app - INFO - v3Encode:204 - V3 ENCODING AND UPDATE SKIPPED. MODEL EXISTS.
2023-03-27 11:11:37,720 - app - INFO - process:28 - [v1] API request received. Image path: C:\Project\pol-recog-main/data/api_v1/output/20230327/1/data/input.jpg
2023-03-27 11:11:37,724 - app - INFO - process:44 - [v1] Saving image to C:\Project\pol-recog-main/data/api_v1/output/20230327/1/data/input.jpg
2023-03-27 11:11:37,725 - app - INFO - inputRecog:543 - [v1] Grabbing faces detected from input image
2023-03-27 11:11:37,774 - app - INFO - inputRecog:589 - [v1] Recognizing faces into user IDs. Filename: C:\Project\pol-recog-main/data/api_v1/output/20230327/1/frame/frame001.jpg
2023-03-27 11:11:45,075 - app - INFO - process:28 - [v1] API request received. Image path: C:\Project\pol-recog-main/data/api_v1/output/20230327/2/data/input.jpg
2023-03-27 11:11:45,077 - app - INFO - process:44 - [v1] Saving image to C:\Project\pol-recog-main/data/api_v1/output/20230327/2/data/input.jpg
2023-03-27 11:11:45,078 - app - INFO - inputRecog:543 - [v1] Grabbing faces detected from input image
2023-03-27 11:11:45,254 - app - INFO - inputRecog:589 - [v1] Recognizing faces into user IDs. Filename: C:\Project\pol-recog-main/data/api_v1/output/20230327/2/frame/frame003.jpg
2023-03-27 11:11:50,377 - app - INFO - process:28 - [v1] API request received. Image path: C:\Project\pol-recog-main/data/api_v1/output/20230327/3/data/input.jpg
2023-03-27 11:11:50,382 - app - INFO - process:44 - [v1] Saving image to C:\Project\pol-recog-main/data/api_v1/output/20230327/3/data/input.jpg
2023-03-27 11:11:50,382 - app - INFO - inputRecog:543 - [v1] Grabbing faces detected from input image
2023-03-27 11:11:50,446 - app - INFO - inputRecog:589 - [v1] Recognizing faces into user IDs. Filename: C:\Project\pol-recog-main/data/api_v1/output/20230327/3/frame/frame001.jpg
2023-03-27 11:13:42,733 - app - INFO - v1Encode:47 - [v1] Encoding is starting... (This might take a while)
2023-03-27 11:13:42,733 - app - INFO - v1Encode:51 - V1 ENCODING AND UPDATE SKIPPED. MODEL EXISTS.
2023-03-27 11:13:42,737 - app - INFO - v2Encode:100 - [v2] Encoding is starting... (This might take a while)
2023-03-27 11:13:42,737 - app - INFO - v2Encode:104 - V2 ENCODING AND UPDATE SKIPPED. MODEL EXISTS.
2023-03-27 11:13:42,740 - app - INFO - v3Encode:200 - [v3] Encoding is starting... (This might take a while)
2023-03-27 11:13:42,740 - app - INFO - v3Encode:204 - V3 ENCODING AND UPDATE SKIPPED. MODEL EXISTS.
2023-03-27 11:13:47,142 - app - INFO - process:28 - [v1] API request received. Image path: C:\Project\pol-recog-main/data/api_v1/output/20230327/4/data/input.jpg
2023-03-27 11:13:47,142 - app - INFO - process:44 - [v1] Saving image to C:\Project\pol-recog-main/data/api_v1/output/20230327/4/data/input.jpg
2023-03-27 11:13:47,146 - app - INFO - inputRecog:543 - [v1] Grabbing faces detected from input image
2023-03-27 11:13:47,259 - app - INFO - inputRecog:589 - [v1] Recognizing faces into user IDs. Filename: C:\Project\pol-recog-main/data/api_v1/output/20230327/4/frame/frame001.jpg
2023-03-27 11:14:28,848 - app - INFO - process:28 - [v1] API request received. Image path: C:\Project\pol-recog-main/data/api_v1/output/20230327/5/data/input.jpg
2023-03-27 11:14:28,848 - app - INFO - process:44 - [v1] Saving image to C:\Project\pol-recog-main/data/api_v1/output/20230327/5/data/input.jpg
2023-03-27 11:14:28,848 - app - INFO - inputRecog:543 - [v1] Grabbing faces detected from input image
2023-03-27 11:14:28,988 - app - INFO - inputRecog:589 - [v1] Recognizing faces into user IDs. Filename: C:\Project\pol-recog-main/data/api_v1/output/20230327/5/frame/frame004.jpg
2023-03-27 11:16:28,717 - app - INFO - v1Encode:47 - [v1] Encoding is starting... (This might take a while)
2023-03-27 11:16:28,717 - app - INFO - v1Encode:51 - V1 ENCODING AND UPDATE SKIPPED. MODEL EXISTS.
2023-03-27 11:16:28,723 - app - INFO - v2Encode:100 - [v2] Encoding is starting... (This might take a while)
2023-03-27 11:16:28,723 - app - INFO - v2Encode:104 - V2 ENCODING AND UPDATE SKIPPED. MODEL EXISTS.
2023-03-27 11:16:28,726 - app - INFO - v3Encode:200 - [v3] Encoding is starting... (This might take a while)
2023-03-27 11:16:28,726 - app - INFO - v3Encode:204 - V3 ENCODING AND UPDATE SKIPPED. MODEL EXISTS.
2023-03-27 11:16:33,522 - app - INFO - process:28 - [v1] API request received. Image path: C:\Project\pol-recog-main/data/api_v1/output/20230327/6/data/input.jpg
2023-03-27 11:16:33,527 - app - INFO - process:44 - [v1] Saving image to C:\Project\pol-recog-main/data/api_v1/output/20230327/6/data/input.jpg
2023-03-27 11:16:33,532 - app - INFO - inputRecog:543 - [v1] Grabbing faces detected from input image
2023-03-27 11:16:33,876 - app - INFO - inputRecog:589 - [v1] Recognizing faces into user IDs. Filename: C:\Project\pol-recog-main/data/api_v1/output/20230327/6/frame/frame004.jpg
2023-03-27 11:18:21,879 - app - INFO - v1Encode:47 - [v1] Encoding is starting... (This might take a while)
2023-03-27 11:18:21,880 - app - INFO - v1Encode:51 - V1 ENCODING AND UPDATE SKIPPED. MODEL EXISTS.
2023-03-27 11:18:21,884 - app - INFO - v2Encode:100 - [v2] Encoding is starting... (This might take a while)
2023-03-27 11:18:21,885 - app - INFO - v2Encode:104 - V2 ENCODING AND UPDATE SKIPPED. MODEL EXISTS.
2023-03-27 11:18:21,889 - app - INFO - v3Encode:200 - [v3] Encoding is starting... (This might take a while)
2023-03-27 11:18:21,890 - app - INFO - v3Encode:204 - V3 ENCODING AND UPDATE SKIPPED. MODEL EXISTS.
2023-03-27 11:18:25,578 - app - INFO - process:28 - [v1] API request received. Image path: C:\Project\pol-recog-main/data/api_v1/output/20230327/7/data/input.jpg
2023-03-27 11:18:25,580 - app - INFO - process:44 - [v1] Saving image to C:\Project\pol-recog-main/data/api_v1/output/20230327/7/data/input.jpg
2023-03-27 11:18:25,581 - app - INFO - inputRecog:543 - [v1] Grabbing faces detected from input image
2023-03-27 11:18:25,790 - app - INFO - inputRecog:589 - [v1] Recognizing faces into user IDs. Filename: C:\Project\pol-recog-main/data/api_v1/output/20230327/7/frame/frame004.jpg
2023-03-27 11:21:14,186 - app - INFO - v1Encode:47 - [v1] Encoding is starting... (This might take a while)
2023-03-27 11:21:14,186 - app - INFO - v1Encode:51 - V1 ENCODING AND UPDATE SKIPPED. MODEL EXISTS.
2023-03-27 11:21:14,192 - app - INFO - v2Encode:100 - [v2] Encoding is starting... (This might take a while)
2023-03-27 11:21:14,193 - app - INFO - v2Encode:104 - V2 ENCODING AND UPDATE SKIPPED. MODEL EXISTS.
2023-03-27 11:21:14,196 - app - INFO - v3Encode:200 - [v3] Encoding is starting... (This might take a while)
2023-03-27 11:21:14,197 - app - INFO - v3Encode:204 - V3 ENCODING AND UPDATE SKIPPED. MODEL EXISTS.
2023-03-27 11:21:17,221 - app - INFO - process:28 - [v1] API request received. Image path: C:\Project\pol-recog-main/data/api_v1/output/20230327/8/data/input.jpg
2023-03-27 11:21:17,224 - app - INFO - process:44 - [v1] Saving image to C:\Project\pol-recog-main/data/api_v1/output/20230327/8/data/input.jpg
2023-03-27 11:21:17,225 - app - INFO - inputRecog:543 - [v1] Grabbing faces detected from input image
2023-03-27 11:21:17,441 - app - INFO - inputRecog:589 - [v1] Recognizing faces into user IDs. Filename: C:\Project\pol-recog-main/data/api_v1/output/20230327/8/frame/frame004.jpg
2023-03-27 11:29:58,037 - app - INFO - v1Encode:47 - [v1] Encoding is starting... (This might take a while)
2023-03-27 11:29:58,038 - app - INFO - v1Encode:51 - V1 ENCODING AND UPDATE SKIPPED. MODEL EXISTS.
2023-03-27 11:29:58,042 - app - INFO - v2Encode:100 - [v2] Encoding is starting... (This might take a while)
2023-03-27 11:29:58,042 - app - INFO - v2Encode:104 - V2 ENCODING AND UPDATE SKIPPED. MODEL EXISTS.
2023-03-27 11:29:58,045 - app - INFO - v3Encode:200 - [v3] Encoding is starting... (This might take a while)
2023-03-27 11:29:58,046 - app - INFO - v3Encode:204 - V3 ENCODING AND UPDATE SKIPPED. MODEL EXISTS.
2023-03-27 11:30:02,358 - app - INFO - process:28 - [v1] API request received. Image path: C:\Project\pol-recog-main/data/api_v1/output/20230327/9/data/input.jpg
2023-03-27 11:30:02,362 - app - INFO - process:44 - [v1] Saving image to C:\Project\pol-recog-main/data/api_v1/output/20230327/9/data/input.jpg
2023-03-27 11:30:02,363 - app - INFO - inputRecog:543 - [v1] Grabbing faces detected from input image
2023-03-27 11:30:02,613 - app - INFO - inputRecog:589 - [v1] Recognizing faces into user IDs. Filename: C:\Project\pol-recog-main/data/api_v1/output/20230327/9/frame/frame004.jpg
2023-03-27 11:30:32,512 - app - INFO - v1Encode:47 - [v1] Encoding is starting... (This might take a while)
2023-03-27 11:30:32,512 - app - INFO - v1Encode:51 - V1 ENCODING AND UPDATE SKIPPED. MODEL EXISTS.
2023-03-27 11:30:32,517 - app - INFO - v2Encode:100 - [v2] Encoding is starting... (This might take a while)
2023-03-27 11:30:32,517 - app - INFO - v2Encode:104 - V2 ENCODING AND UPDATE SKIPPED. MODEL EXISTS.
2023-03-27 11:30:32,520 - app - INFO - v3Encode:200 - [v3] Encoding is starting... (This might take a while)
2023-03-27 11:30:32,521 - app - INFO - v3Encode:204 - V3 ENCODING AND UPDATE SKIPPED. MODEL EXISTS.
2023-03-27 11:30:33,214 - app - INFO - process:28 - [v1] API request received. Image path: C:\Project\pol-recog-main/data/api_v1/output/20230327/10/data/input.jpg
2023-03-27 11:30:33,216 - app - INFO - process:44 - [v1] Saving image to C:\Project\pol-recog-main/data/api_v1/output/20230327/10/data/input.jpg
2023-03-27 11:30:33,216 - app - INFO - inputRecog:543 - [v1] Grabbing faces detected from input image
2023-03-27 11:30:33,364 - app - INFO - inputRecog:589 - [v1] Recognizing faces into user IDs. Filename: C:\Project\pol-recog-main/data/api_v1/output/20230327/10/frame/frame004.jpg
2023-03-27 11:30:55,184 - app - INFO - v1Encode:47 - [v1] Encoding is starting... (This might take a while)
2023-03-27 11:30:55,185 - app - INFO - v1Encode:51 - V1 ENCODING AND UPDATE SKIPPED. MODEL EXISTS.
2023-03-27 11:30:55,188 - app - INFO - v2Encode:100 - [v2] Encoding is starting... (This might take a while)
2023-03-27 11:30:55,189 - app - INFO - v2Encode:104 - V2 ENCODING AND UPDATE SKIPPED. MODEL EXISTS.
2023-03-27 11:30:55,191 - app - INFO - v3Encode:200 - [v3] Encoding is starting... (This might take a while)
2023-03-27 11:30:55,192 - app - INFO - v3Encode:204 - V3 ENCODING AND UPDATE SKIPPED. MODEL EXISTS.
2023-03-27 11:30:58,959 - app - INFO - process:28 - [v1] API request received. Image path: C:\Project\pol-recog-main/data/api_v1/output/20230327/11/data/input.jpg
2023-03-27 11:30:58,962 - app - INFO - process:44 - [v1] Saving image to C:\Project\pol-recog-main/data/api_v1/output/20230327/11/data/input.jpg
2023-03-27 11:30:58,963 - app - INFO - inputRecog:543 - [v1] Grabbing faces detected from input image
2023-03-27 11:30:59,171 - app - INFO - inputRecog:589 - [v1] Recognizing faces into user IDs. Filename: C:\Project\pol-recog-main/data/api_v1/output/20230327/11/frame/frame004.jpg
2023-03-27 11:32:23,773 - app - INFO - v1Encode:47 - [v1] Encoding is starting... (This might take a while)
2023-03-27 11:32:23,774 - app - INFO - v1Encode:51 - V1 ENCODING AND UPDATE SKIPPED. MODEL EXISTS.
2023-03-27 11:32:23,777 - app - INFO - v2Encode:100 - [v2] Encoding is starting... (This might take a while)
2023-03-27 11:32:23,777 - app - INFO - v2Encode:104 - V2 ENCODING AND UPDATE SKIPPED. MODEL EXISTS.
2023-03-27 11:32:23,781 - app - INFO - v3Encode:200 - [v3] Encoding is starting... (This might take a while)
2023-03-27 11:32:23,782 - app - INFO - v3Encode:204 - V3 ENCODING AND UPDATE SKIPPED. MODEL EXISTS.
2023-03-27 11:32:26,986 - app - INFO - process:28 - [v1] API request received. Image path: C:\Project\pol-recog-main/data/api_v1/output/20230327/12/data/input.jpg
2023-03-27 11:32:26,989 - app - INFO - process:44 - [v1] Saving image to C:\Project\pol-recog-main/data/api_v1/output/20230327/12/data/input.jpg
2023-03-27 11:32:26,990 - app - INFO - inputRecog:543 - [v1] Grabbing faces detected from input image
2023-03-27 11:32:27,202 - app - INFO - inputRecog:589 - [v1] Recognizing faces into user IDs. Filename: C:\Project\pol-recog-main/data/api_v1/output/20230327/12/frame/frame004.jpg
2023-03-27 11:33:06,577 - app - INFO - v1Encode:47 - [v1] Encoding is starting... (This might take a while)
2023-03-27 11:33:06,578 - app - INFO - v1Encode:51 - V1 ENCODING AND UPDATE SKIPPED. MODEL EXISTS.
2023-03-27 11:33:06,581 - app - INFO - v2Encode:100 - [v2] Encoding is starting... (This might take a while)
2023-03-27 11:33:06,583 - app - INFO - v2Encode:104 - V2 ENCODING AND UPDATE SKIPPED. MODEL EXISTS.
2023-03-27 11:33:06,586 - app - INFO - v3Encode:200 - [v3] Encoding is starting... (This might take a while)
2023-03-27 11:33:06,586 - app - INFO - v3Encode:204 - V3 ENCODING AND UPDATE SKIPPED. MODEL EXISTS.
2023-03-27 11:33:17,114 - app - INFO - process:28 - [v1] API request received. Image path: C:\Project\pol-recog-main/data/api_v1/output/20230327/13/data/input.jpg
2023-03-27 11:33:17,117 - app - INFO - process:44 - [v1] Saving image to C:\Project\pol-recog-main/data/api_v1/output/20230327/13/data/input.jpg
2023-03-27 11:33:17,117 - app - INFO - inputRecog:543 - [v1] Grabbing faces detected from input image
2023-03-27 11:33:17,354 - app - INFO - inputRecog:589 - [v1] Recognizing faces into user IDs. Filename: C:\Project\pol-recog-main/data/api_v1/output/20230327/13/frame/frame004.jpg
2023-03-27 11:33:56,924 - app - INFO - v1Encode:47 - [v1] Encoding is starting... (This might take a while)
2023-03-27 11:33:56,925 - app - INFO - v1Encode:51 - V1 ENCODING AND UPDATE SKIPPED. MODEL EXISTS.
2023-03-27 11:33:56,927 - app - INFO - v2Encode:100 - [v2] Encoding is starting... (This might take a while)
2023-03-27 11:33:56,928 - app - INFO - v2Encode:104 - V2 ENCODING AND UPDATE SKIPPED. MODEL EXISTS.
2023-03-27 11:33:56,931 - app - INFO - v3Encode:200 - [v3] Encoding is starting... (This might take a while)
2023-03-27 11:33:56,931 - app - INFO - v3Encode:204 - V3 ENCODING AND UPDATE SKIPPED. MODEL EXISTS.
2023-03-27 11:34:01,190 - app - INFO - process:28 - [v1] API request received. Image path: C:\Project\pol-recog-main/data/api_v1/output/20230327/14/data/input.jpg
2023-03-27 11:34:01,195 - app - INFO - process:44 - [v1] Saving image to C:\Project\pol-recog-main/data/api_v1/output/20230327/14/data/input.jpg
2023-03-27 11:34:01,196 - app - INFO - inputRecog:543 - [v1] Grabbing faces detected from input image
2023-03-27 11:34:01,449 - app - INFO - inputRecog:589 - [v1] Recognizing faces into user IDs. Filename: C:\Project\pol-recog-main/data/api_v1/output/20230327/14/frame/frame004.jpg
2023-03-27 11:34:30,581 - app - INFO - v1Encode:47 - [v1] Encoding is starting... (This might take a while)
2023-03-27 11:34:30,582 - app - INFO - v1Encode:51 - V1 ENCODING AND UPDATE SKIPPED. MODEL EXISTS.
2023-03-27 11:34:30,585 - app - INFO - v2Encode:100 - [v2] Encoding is starting... (This might take a while)
2023-03-27 11:34:30,586 - app - INFO - v2Encode:104 - V2 ENCODING AND UPDATE SKIPPED. MODEL EXISTS.
2023-03-27 11:34:30,590 - app - INFO - v3Encode:200 - [v3] Encoding is starting... (This might take a while)
2023-03-27 11:34:30,590 - app - INFO - v3Encode:204 - V3 ENCODING AND UPDATE SKIPPED. MODEL EXISTS.
2023-03-27 11:34:31,726 - app - INFO - process:28 - [v1] API request received. Image path: C:\Project\pol-recog-main/data/api_v1/output/20230327/15/data/input.jpg
2023-03-27 11:34:31,728 - app - INFO - process:44 - [v1] Saving image to C:\Project\pol-recog-main/data/api_v1/output/20230327/15/data/input.jpg
2023-03-27 11:34:31,729 - app - INFO - inputRecog:543 - [v1] Grabbing faces detected from input image
2023-03-27 11:34:31,884 - app - INFO - inputRecog:589 - [v1] Recognizing faces into user IDs. Filename: C:\Project\pol-recog-main/data/api_v1/output/20230327/15/frame/frame004.jpg
2023-03-27 11:36:13,066 - app - INFO - v1Encode:47 - [v1] Encoding is starting... (This might take a while)
2023-03-27 11:36:13,067 - app - INFO - v1Encode:51 - V1 ENCODING AND UPDATE SKIPPED. MODEL EXISTS.
2023-03-27 11:36:13,070 - app - INFO - v2Encode:100 - [v2] Encoding is starting... (This might take a while)
2023-03-27 11:36:13,071 - app - INFO - v2Encode:104 - V2 ENCODING AND UPDATE SKIPPED. MODEL EXISTS.
2023-03-27 11:36:13,074 - app - INFO - v3Encode:200 - [v3] Encoding is starting... (This might take a while)
2023-03-27 11:36:13,075 - app - INFO - v3Encode:204 - V3 ENCODING AND UPDATE SKIPPED. MODEL EXISTS.
2023-03-27 11:36:17,983 - app - INFO - process:28 - [v1] API request received. Image path: C:\Project\pol-recog-main/data/api_v1/output/20230327/16/data/input.jpg
2023-03-27 11:36:17,985 - app - INFO - process:44 - [v1] Saving image to C:\Project\pol-recog-main/data/api_v1/output/20230327/16/data/input.jpg
2023-03-27 11:36:17,986 - app - INFO - inputRecog:543 - [v1] Grabbing faces detected from input image
2023-03-27 11:36:18,215 - app - INFO - inputRecog:589 - [v1] Recognizing faces into user IDs. Filename: C:\Project\pol-recog-main/data/api_v1/output/20230327/16/frame/frame004.jpg
2023-03-27 11:36:59,410 - app - INFO - v1Encode:47 - [v1] Encoding is starting... (This might take a while)
2023-03-27 11:36:59,410 - app - INFO - v1Encode:51 - V1 ENCODING AND UPDATE SKIPPED. MODEL EXISTS.
2023-03-27 11:36:59,413 - app - INFO - v2Encode:100 - [v2] Encoding is starting... (This might take a while)
2023-03-27 11:36:59,414 - app - INFO - v2Encode:104 - V2 ENCODING AND UPDATE SKIPPED. MODEL EXISTS.
2023-03-27 11:36:59,417 - app - INFO - v3Encode:200 - [v3] Encoding is starting... (This might take a while)
2023-03-27 11:36:59,418 - app - INFO - v3Encode:204 - V3 ENCODING AND UPDATE SKIPPED. MODEL EXISTS.
2023-03-27 11:37:05,214 - app - INFO - process:28 - [v1] API request received. Image path: C:\Project\pol-recog-main/data/api_v1/output/20230327/17/data/input.jpg
2023-03-27 11:37:05,217 - app - INFO - process:44 - [v1] Saving image to C:\Project\pol-recog-main/data/api_v1/output/20230327/17/data/input.jpg
2023-03-27 11:37:05,217 - app - INFO - inputRecog:543 - [v1] Grabbing faces detected from input image
2023-03-27 11:37:05,416 - app - INFO - inputRecog:589 - [v1] Recognizing faces into user IDs. Filename: C:\Project\pol-recog-main/data/api_v1/output/20230327/17/frame/frame004.jpg
2023-03-27 11:37:07,260 - app - INFO - process:55 - [v1] API return success. Request fulfilled.
2023-03-27 11:37:36,597 - app - INFO - v1Encode:47 - [v1] Encoding is starting... (This might take a while)
2023-03-27 11:37:36,597 - app - INFO - v1Encode:51 - V1 ENCODING AND UPDATE SKIPPED. MODEL EXISTS.
2023-03-27 11:37:36,601 - app - INFO - v2Encode:100 - [v2] Encoding is starting... (This might take a while)
2023-03-27 11:37:36,601 - app - INFO - v2Encode:104 - V2 ENCODING AND UPDATE SKIPPED. MODEL EXISTS.
2023-03-27 11:37:36,604 - app - INFO - v3Encode:200 - [v3] Encoding is starting... (This might take a while)
2023-03-27 11:37:36,604 - app - INFO - v3Encode:204 - V3 ENCODING AND UPDATE SKIPPED. MODEL EXISTS.
2023-03-27 11:38:18,240 - app - INFO - process:28 - [v1] API request received. Image path: C:\Project\pol-recog-main/data/api_v1/output/20230327/18/data/input.jpg
2023-03-27 11:38:18,243 - app - INFO - process:44 - [v1] Saving image to C:\Project\pol-recog-main/data/api_v1/output/20230327/18/data/input.jpg
2023-03-27 11:38:18,243 - app - INFO - inputRecog:543 - [v1] Grabbing faces detected from input image
2023-03-27 11:41:08,778 - app - INFO - process:28 - [v1] API request received. Image path: C:\Project\pol-recog-main/data/api_v1/output/20230327/19/data/input.jpg
2023-03-27 11:41:08,779 - app - INFO - process:44 - [v1] Saving image to C:\Project\pol-recog-main/data/api_v1/output/20230327/19/data/input.jpg
2023-03-27 11:41:08,780 - app - INFO - inputRecog:543 - [v1] Grabbing faces detected from input image
2023-03-27 11:41:08,817 - app - INFO - inputRecog:589 - [v1] Recognizing faces into user IDs. Filename: C:\Project\pol-recog-main/data/api_v1/output/20230327/19/frame/frame001.jpg
2023-03-27 11:41:09,331 - app - INFO - process:55 - [v1] API return success. Request fulfilled.
2023-03-27 11:44:00,208 - app - INFO - process:28 - [v1] API request received. Image path: C:\Project\pol-recog-main/data/api_v1/output/20230327/20/data/input.jpg
2023-03-27 11:44:00,210 - app - INFO - process:44 - [v1] Saving image to C:\Project\pol-recog-main/data/api_v1/output/20230327/20/data/input.jpg
2023-03-27 11:44:00,211 - app - INFO - inputRecog:543 - [v1] Grabbing faces detected from input image
2023-03-27 11:44:00,281 - app - INFO - inputRecog:589 - [v1] Recognizing faces into user IDs. Filename: C:\Project\pol-recog-main/data/api_v1/output/20230327/20/frame/frame001.jpg
2023-03-27 11:44:00,783 - app - INFO - process:55 - [v1] API return success. Request fulfilled.
2023-03-27 11:44:19,624 - app - INFO - v1Encode:47 - [v1] Encoding is starting... (This might take a while)
2023-03-27 11:44:19,625 - app - INFO - v1Encode:51 - V1 ENCODING AND UPDATE SKIPPED. MODEL EXISTS.
2023-03-27 11:44:19,629 - app - INFO - v2Encode:100 - [v2] Encoding is starting... (This might take a while)
2023-03-27 11:44:19,630 - app - INFO - v2Encode:104 - V2 ENCODING AND UPDATE SKIPPED. MODEL EXISTS.
2023-03-27 11:44:19,633 - app - INFO - v3Encode:200 - [v3] Encoding is starting... (This might take a while)
2023-03-27 11:44:19,634 - app - INFO - v3Encode:204 - V3 ENCODING AND UPDATE SKIPPED. MODEL EXISTS.
2023-03-27 11:44:23,142 - app - INFO - process:28 - [v1] API request received. Image path: C:\Project\pol-recog-main/data/api_v1/output/20230327/21/data/input.jpg
2023-03-27 11:44:23,144 - app - INFO - process:44 - [v1] Saving image to C:\Project\pol-recog-main/data/api_v1/output/20230327/21/data/input.jpg
2023-03-27 11:44:23,145 - app - INFO - inputRecog:543 - [v1] Grabbing faces detected from input image
2023-03-27 11:44:23,291 - app - INFO - inputRecog:589 - [v1] Recognizing faces into user IDs. Filename: C:\Project\pol-recog-main/data/api_v1/output/20230327/21/frame/frame001.jpg
2023-03-27 11:44:24,121 - app - INFO - process:55 - [v1] API return success. Request fulfilled.
2023-03-27 11:46:00,332 - app - INFO - process:28 - [v1] API request received. Image path: C:\Project\pol-recog-main/data/api_v1/output/20230327/22/data/input.jpg
2023-03-27 11:46:00,334 - app - INFO - process:44 - [v1] Saving image to C:\Project\pol-recog-main/data/api_v1/output/20230327/22/data/input.jpg
2023-03-27 11:46:00,335 - app - INFO - inputRecog:543 - [v1] Grabbing faces detected from input image
2023-03-27 11:46:00,397 - app - INFO - inputRecog:589 - [v1] Recognizing faces into user IDs. Filename: C:\Project\pol-recog-main/data/api_v1/output/20230327/22/frame/frame004.jpg
2023-03-27 11:46:02,272 - app - INFO - process:55 - [v1] API return success. Request fulfilled.
2023-03-27 11:47:38,477 - app - INFO - process:28 - [v1] API request received. Image path: C:\Project\pol-recog-main/data/api_v1/output/20230327/23/data/input.jpg
2023-03-27 11:47:38,479 - app - INFO - process:44 - [v1] Saving image to C:\Project\pol-recog-main/data/api_v1/output/20230327/23/data/input.jpg
2023-03-27 11:47:38,479 - app - INFO - inputRecog:543 - [v1] Grabbing faces detected from input image
2023-03-27 11:50:36,254 - app - INFO - v1Encode:47 - [v1] Encoding is starting... (This might take a while)
2023-03-27 11:50:36,255 - app - INFO - v1Encode:51 - V1 ENCODING AND UPDATE SKIPPED. MODEL EXISTS.
2023-03-27 11:50:36,260 - app - INFO - v2Encode:100 - [v2] Encoding is starting... (This might take a while)
2023-03-27 11:50:36,261 - app - INFO - v2Encode:104 - V2 ENCODING AND UPDATE SKIPPED. MODEL EXISTS.
2023-03-27 11:50:36,265 - app - INFO - v3Encode:200 - [v3] Encoding is starting... (This might take a while)
2023-03-27 11:50:36,266 - app - INFO - v3Encode:204 - V3 ENCODING AND UPDATE SKIPPED. MODEL EXISTS.
2023-03-27 11:50:52,954 - app - INFO - process:28 - [v1] API request received. Image path: C:\Project\pol-recog-main/data/api_v1/output/20230327/24/data/input.jpg
2023-03-27 11:50:52,958 - app - INFO - process:44 - [v1] Saving image to C:\Project\pol-recog-main/data/api_v1/output/20230327/24/data/input.jpg
2023-03-27 11:50:52,959 - app - INFO - inputRecog:543 - [v1] Grabbing faces detected from input image
2023-03-27 11:51:04,758 - app - INFO - process:28 - [v1] API request received. Image path: C:\Project\pol-recog-main/data/api_v1/output/20230327/25/data/input.jpg
2023-03-27 11:51:04,760 - app - INFO - process:44 - [v1] Saving image to C:\Project\pol-recog-main/data/api_v1/output/20230327/25/data/input.jpg
2023-03-27 11:51:04,761 - app - INFO - inputRecog:543 - [v1] Grabbing faces detected from input image
2023-03-27 11:51:04,820 - app - INFO - inputRecog:589 - [v1] Recognizing faces into user IDs. Filename: C:\Project\pol-recog-main/data/api_v1/output/20230327/25/frame/frame004.jpg
2023-03-27 11:51:06,527 - app - INFO - process:55 - [v1] API return success. Request fulfilled.
2023-03-27 11:51:24,734 - app - INFO - process:28 - [v2] API request received. Image path: C:\Project\pol-recog-main/data/api_v2/output/20230327/1/data/input.jpg
2023-03-27 11:51:24,737 - app - INFO - process:44 - Saving image to C:\Project\pol-recog-main/data/api_v2/output/20230327/1/data/input.jpg
2023-03-27 11:51:24,741 - app - INFO - inputRecog:620 - [v2] Grabbing faces detected from input image
2023-03-27 11:51:29,939 - app - INFO - process:57 - [v2] API return success. Request fulfilled.
2023-03-27 11:53:10,933 - app - INFO - process:28 - [v2] API request received. Image path: C:\Project\pol-recog-main/data/api_v2/output/20230327/2/data/input.jpg
2023-03-27 11:53:10,934 - app - INFO - process:44 - Saving image to C:\Project\pol-recog-main/data/api_v2/output/20230327/2/data/input.jpg
2023-03-27 11:53:10,967 - app - INFO - inputRecog:620 - [v2] Grabbing faces detected from input image
2023-03-27 11:53:11,542 - app - INFO - process:57 - [v2] API return success. Request fulfilled.
2023-03-27 11:54:49,443 - app - INFO - process:28 - [v1] API request received. Image path: C:\Project\pol-recog-main/data/api_v1/output/20230327/26/data/input.jpg
2023-03-27 11:54:49,446 - app - INFO - process:44 - [v1] Saving image to C:\Project\pol-recog-main/data/api_v1/output/20230327/26/data/input.jpg
2023-03-27 11:54:49,447 - app - INFO - inputRecog:543 - [v1] Grabbing faces detected from input image
2023-03-27 11:54:49,673 - app - INFO - inputRecog:589 - [v1] Recognizing faces into user IDs. Filename: C:\Project\pol-recog-main/data/api_v1/output/20230327/26/data/input.jpg
2023-03-27 11:54:49,687 - app - INFO - process:55 - [v1] API return success. Request fulfilled.
2023-03-27 11:59:41,495 - app - INFO - v1Encode:47 - [v1] Encoding is starting... (This might take a while)
2023-03-27 11:59:41,496 - app - INFO - v1Encode:51 - V1 ENCODING AND UPDATE SKIPPED. MODEL EXISTS.
2023-03-27 11:59:41,500 - app - INFO - v2Encode:100 - [v2] Encoding is starting... (This might take a while)
2023-03-27 11:59:41,500 - app - INFO - v2Encode:104 - V2 ENCODING AND UPDATE SKIPPED. MODEL EXISTS.
2023-03-27 11:59:41,507 - app - INFO - v3Encode:200 - [v3] Encoding is starting... (This might take a while)
2023-03-27 11:59:41,508 - app - INFO - v3Encode:204 - V3 ENCODING AND UPDATE SKIPPED. MODEL EXISTS.
2023-03-27 11:59:45,890 - app - INFO - process:28 - [v1] API request received. Image path: C:\Project\pol-recog-main/data/api_v1/output/20230327/27/data/input.jpg
2023-03-27 11:59:45,890 - app - INFO - process:44 - [v1] Saving image to C:\Project\pol-recog-main/data/api_v1/output/20230327/27/data/input.jpg
2023-03-27 11:59:45,890 - app - INFO - inputRecog:543 - [v1] Grabbing faces detected from input image
2023-03-27 11:59:46,134 - app - INFO - inputRecog:589 - [v1] Recognizing faces into user IDs. Filename: C:\Project\pol-recog-main/data/api_v1/output/20230327/27/data/input.jpg
2023-03-27 11:59:53,060 - app - INFO - process:28 - [v2] API request received. Image path: C:\Project\pol-recog-main/data/api_v2/output/20230327/3/data/input.jpg
2023-03-27 11:59:53,060 - app - INFO - process:44 - Saving image to C:\Project\pol-recog-main/data/api_v2/output/20230327/3/data/input.jpg
2023-03-27 11:59:53,091 - app - INFO - inputRecog:620 - [v2] Grabbing faces detected from input image
2023-03-27 11:59:54,175 - app - INFO - process:60 - [v2] API return success. Request fulfilled.
2023-03-27 12:00:21,708 - app - INFO - v1Encode:47 - [v1] Encoding is starting... (This might take a while)
2023-03-27 12:00:21,708 - app - INFO - v1Encode:51 - V1 ENCODING AND UPDATE SKIPPED. MODEL EXISTS.
2023-03-27 12:00:21,725 - app - INFO - v2Encode:100 - [v2] Encoding is starting... (This might take a while)
2023-03-27 12:00:21,725 - app - INFO - v2Encode:104 - V2 ENCODING AND UPDATE SKIPPED. MODEL EXISTS.
2023-03-27 12:00:21,730 - app - INFO - v3Encode:200 - [v3] Encoding is starting... (This might take a while)
2023-03-27 12:00:21,730 - app - INFO - v3Encode:204 - V3 ENCODING AND UPDATE SKIPPED. MODEL EXISTS.
2023-03-27 12:00:32,415 - app - INFO - process:28 - [v2] API request received. Image path: C:\Project\pol-recog-main/data/api_v2/output/20230327/4/data/input.jpg
2023-03-27 12:00:32,431 - app - INFO - process:44 - Saving image to C:\Project\pol-recog-main/data/api_v2/output/20230327/4/data/input.jpg
2023-03-27 12:00:32,456 - app - INFO - inputRecog:620 - [v2] Grabbing faces detected from input image
2023-03-27 12:00:37,039 - app - INFO - process:28 - [v3] API request received. Image path: C:\Project\pol-recog-main/data/api_v3/output/20230327/1/data/input.jpg
2023-03-27 12:00:37,039 - app - INFO - process:44 - [v3] Saving image to C:\Project\pol-recog-main/data/api_v3/output/20230327/1/data/input.jpg
2023-03-27 12:00:37,071 - app - INFO - inputRecog:709 - Recognizing faces into user IDs
2023-03-27 12:28:55,318 - app - INFO - v1Encode:47 - [v1] Encoding is starting... (This might take a while)
2023-03-27 12:28:55,318 - app - INFO - v1Encode:51 - V1 ENCODING AND UPDATE SKIPPED. MODEL EXISTS.
2023-03-27 12:28:55,324 - app - INFO - v2Encode:100 - [v2] Encoding is starting... (This might take a while)
2023-03-27 12:28:55,324 - app - INFO - v2Encode:104 - V2 ENCODING AND UPDATE SKIPPED. MODEL EXISTS.
2023-03-27 12:28:55,329 - app - INFO - v3Encode:200 - [v3] Encoding is starting... (This might take a while)
2023-03-27 12:28:55,329 - app - INFO - v3Encode:204 - V3 ENCODING AND UPDATE SKIPPED. MODEL EXISTS.
2023-03-27 12:29:00,083 - app - INFO - process:28 - [v3] API request received. Image path: C:\Project\pol-recog-main/data/api_v3/output/20230327/2/data/input.jpg
2023-03-27 12:29:00,085 - app - INFO - process:44 - [v3] Saving image to C:\Project\pol-recog-main/data/api_v3/output/20230327/2/data/input.jpg
2023-03-27 12:29:00,117 - app - INFO - inputRecog:709 - Recognizing faces into user IDs
